#
# A fatal error has been detected by the Java Runtime Environment:
#
#  EXCEPTION_ACCESS_VIOLATION (0xc0000005) at pc=0x1afa1fd6, pid=12640, tid=0x00004508
#
# JRE version: Java(TM) SE Runtime Environment (8.0_171-b11) (build 1.8.0_171-b11)
# Java VM: Java HotSpot(TM) Client VM (25.171-b11 mixed mode windows-x86 )
# Problematic frame:
# C  [ig9icd32.dll+0x31fd6]
#
# Failed to write core dump. Minidumps are not enabled by default on client versions of Windows
#
# If you would like to submit a bug report, please visit:
#   http://bugreport.java.com/bugreport/crash.jsp
# The crash happened outside the Java Virtual Machine in native code.
# See problematic frame for where to report the bug.
#

---------------  T H R E A D  ---------------

Current thread (0x19b09400):  JavaThread "AWT-EventQueue-0" [_thread_in_native, id=17672, stack(0x1a440000,0x1a490000)]

siginfo: ExceptionCode=0xc0000005, reading address 0x00000000

Registers:
EAX=0x00000000, EBX=0x00f0eddc, ECX=0x00000000, EDX=0x00000000
ESP=0x1a48e724, EBP=0x1a48e73c, ESI=0x00000000, EDI=0x00000000
EIP=0x1afa1fd6, EFLAGS=0x00010246

Top of Stack: (sp=0x1a48e724)
0x1a48e724:   00000001 00fc7cc0 00fc7cc0 00f0ed70
0x1a48e734:   00000000 1a48e740 1a48e758 1afa20d4
0x1a48e744:   00fc7cc0 00000003 00000000 00000000
0x1a48e754:   1b23a4b0 1a48e774 1b23a4e0 00fc7cc0
0x1a48e764:   00000001 00000003 00000000 00000000
0x1a48e774:   1a48e79c 1b343689 00000001 00000003
0x1a48e784:   00000000 00000000 00000000 1b343650
0x1a48e794:   19b09540 1b343650 1a48e7b8 1b7be355 

Instructions: (pc=0x1afa1fd6)
0x1afa1fb6:   8b 4d 14 33 ff 8b 75 10 8b c1 2b c6 89 45 f8 85
0x1afa1fc6:   c9 74 0d 8b 04 30 85 c0 78 06 8b 0b 03 cf eb 26
0x1afa1fd6:   8b 06 8b 13 03 d7 80 38 00 75 04 33 c0 eb 15 8d
0x1afa1fe6:   48 01 89 4d fc 0f 1f 44 00 00 8a 08 40 84 c9 75 


Register to memory mapping:

EAX=0x00000000 is an unknown value
EBX=0x00f0eddc is an unknown value
ECX=0x00000000 is an unknown value
EDX=0x00000000 is an unknown value
ESP=0x1a48e724 is pointing into the stack for thread: 0x19b09400
EBP=0x1a48e73c is pointing into the stack for thread: 0x19b09400
ESI=0x00000000 is an unknown value
EDI=0x00000000 is an unknown value


Stack: [0x1a440000,0x1a490000],  sp=0x1a48e724,  free space=313k
Native frames: (J=compiled Java code, j=interpreted, Vv=VM code, C=native code)
C  [ig9icd32.dll+0x31fd6]
C  [ig9icd32.dll+0x320d4]
C  [ig9icd32.dll+0x2ca4e0]
C  [ig9icd32.dll+0x3d3689]
C  [ig9icd32.dll+0x84e355]
C  [jogl_desktop.dll+0x21077]
j  jogamp.opengl.gl4.GL4bcImpl.dispatch_glShaderSource1(II[Ljava/lang/String;Ljava/lang/Object;IZJ)V+0
j  jogamp.opengl.gl4.GL4bcImpl.glShaderSource(II[Ljava/lang/String;[II)V+110
j  TextbookCh2Pr5.createShaderProgram()I+38
j  TextbookCh2Pr5.init(Lcom/jogamp/opengl/GLAutoDrawable;)V+9
j  jogamp.opengl.GLDrawableHelper.init(Lcom/jogamp/opengl/GLEventListener;Lcom/jogamp/opengl/GLAutoDrawable;Z)V+2
j  jogamp.opengl.GLDrawableHelper.init(Lcom/jogamp/opengl/GLAutoDrawable;Z)V+81
j  com.jogamp.opengl.awt.GLCanvas$10.run()V+26
j  jogamp.opengl.GLDrawableHelper.invokeGLImpl(Lcom/jogamp/opengl/GLDrawable;Lcom/jogamp/opengl/GLContext;Ljava/lang/Runnable;Ljava/lang/Runnable;)V+197
j  jogamp.opengl.GLDrawableHelper.invokeGL(Lcom/jogamp/opengl/GLDrawable;Lcom/jogamp/opengl/GLContext;Ljava/lang/Runnable;Ljava/lang/Runnable;)V+72
j  com.jogamp.opengl.awt.GLCanvas$12.run()V+104
j  com.jogamp.opengl.Threading.invoke(ZLjava/lang/Runnable;Ljava/lang/Object;)V+27
j  com.jogamp.opengl.awt.GLCanvas.display()V+64
j  com.jogamp.opengl.awt.GLCanvas.paint(Ljava/awt/Graphics;)V+137
j  sun.awt.RepaintArea.paintComponent(Ljava/awt/Component;Ljava/awt/Graphics;)V+6
j  sun.awt.RepaintArea.paint(Ljava/lang/Object;Z)V+326
j  sun.awt.windows.WComponentPeer.handleEvent(Ljava/awt/AWTEvent;)V+155
j  java.awt.Component.dispatchEventImpl(Ljava/awt/AWTEvent;)V+877
j  java.awt.Component.dispatchEvent(Ljava/awt/AWTEvent;)V+2
j  java.awt.EventQueue.dispatchEventImpl(Ljava/awt/AWTEvent;Ljava/lang/Object;)V+41
j  java.awt.EventQueue.access$500(Ljava/awt/EventQueue;Ljava/awt/AWTEvent;Ljava/lang/Object;)V+3
j  java.awt.EventQueue$3.run()Ljava/lang/Void;+32
j  java.awt.EventQueue$3.run()Ljava/lang/Object;+1
v  ~StubRoutines::call_stub
V  [jvm.dll+0x15b985]
V  [jvm.dll+0x22262e]
V  [jvm.dll+0x15ba1e]
V  [jvm.dll+0x10bbaf]
C  [java.dll+0x102f]
j  java.security.ProtectionDomain$JavaSecurityAccessImpl.doIntersectionPrivilege(Ljava/security/PrivilegedAction;Ljava/security/AccessControlContext;Ljava/security/AccessControlContext;)Ljava/lang/Object;+18
j  java.security.ProtectionDomain$JavaSecurityAccessImpl.doIntersectionPrivilege(Ljava/security/PrivilegedAction;Ljava/security/AccessControlContext;)Ljava/lang/Object;+6
j  java.awt.EventQueue$4.run()Ljava/lang/Void;+11
j  java.awt.EventQueue$4.run()Ljava/lang/Object;+1
v  ~StubRoutines::call_stub
V  [jvm.dll+0x15b985]
V  [jvm.dll+0x22262e]
V  [jvm.dll+0x15ba1e]
V  [jvm.dll+0x10bbaf]
C  [java.dll+0x102f]
j  java.security.ProtectionDomain$JavaSecurityAccessImpl.doIntersectionPrivilege(Ljava/security/PrivilegedAction;Ljava/security/AccessControlContext;Ljava/security/AccessControlContext;)Ljava/lang/Object;+18
j  java.awt.EventQueue.dispatchEvent(Ljava/awt/AWTEvent;)V+73
j  java.awt.EventDispatchThread.pumpOneEventForFilters(I)V+140
j  java.awt.EventDispatchThread.pumpEventsForFilter(ILjava/awt/Conditional;Ljava/awt/EventFilter;)V+35
j  java.awt.EventDispatchThread.pumpEventsForHierarchy(ILjava/awt/Conditional;Ljava/awt/Component;)V+11
j  java.awt.EventDispatchThread.pumpEvents(ILjava/awt/Conditional;)V+4
j  java.awt.EventDispatchThread.pumpEvents(Ljava/awt/Conditional;)V+3
j  java.awt.EventDispatchThread.run()V+9
v  ~StubRoutines::call_stub
V  [jvm.dll+0x15b985]
V  [jvm.dll+0x22262e]
V  [jvm.dll+0x15ba1e]
V  [jvm.dll+0x15bba6]
V  [jvm.dll+0x15bc17]
V  [jvm.dll+0xffb3f]
V  [jvm.dll+0x17eb50]
V  [jvm.dll+0x17f3ca]
V  [jvm.dll+0x1c3fe6]
C  [msvcr100.dll+0x5c556]
C  [msvcr100.dll+0x5c600]
C  [KERNEL32.DLL+0x18674]
C  [ntdll.dll+0x65e17]
C  [ntdll.dll+0x65de7]
C  0x00000000

Java frames: (J=compiled Java code, j=interpreted, Vv=VM code)
j  jogamp.opengl.gl4.GL4bcImpl.dispatch_glShaderSource1(II[Ljava/lang/String;Ljava/lang/Object;IZJ)V+0
j  jogamp.opengl.gl4.GL4bcImpl.glShaderSource(II[Ljava/lang/String;[II)V+110
j  TextbookCh2Pr5.createShaderProgram()I+38
j  TextbookCh2Pr5.init(Lcom/jogamp/opengl/GLAutoDrawable;)V+9
j  jogamp.opengl.GLDrawableHelper.init(Lcom/jogamp/opengl/GLEventListener;Lcom/jogamp/opengl/GLAutoDrawable;Z)V+2
j  jogamp.opengl.GLDrawableHelper.init(Lcom/jogamp/opengl/GLAutoDrawable;Z)V+81
j  com.jogamp.opengl.awt.GLCanvas$10.run()V+26
j  jogamp.opengl.GLDrawableHelper.invokeGLImpl(Lcom/jogamp/opengl/GLDrawable;Lcom/jogamp/opengl/GLContext;Ljava/lang/Runnable;Ljava/lang/Runnable;)V+197
j  jogamp.opengl.GLDrawableHelper.invokeGL(Lcom/jogamp/opengl/GLDrawable;Lcom/jogamp/opengl/GLContext;Ljava/lang/Runnable;Ljava/lang/Runnable;)V+72
j  com.jogamp.opengl.awt.GLCanvas$12.run()V+104
j  com.jogamp.opengl.Threading.invoke(ZLjava/lang/Runnable;Ljava/lang/Object;)V+27
j  com.jogamp.opengl.awt.GLCanvas.display()V+64
j  com.jogamp.opengl.awt.GLCanvas.paint(Ljava/awt/Graphics;)V+137
j  sun.awt.RepaintArea.paintComponent(Ljava/awt/Component;Ljava/awt/Graphics;)V+6
j  sun.awt.RepaintArea.paint(Ljava/lang/Object;Z)V+326
j  sun.awt.windows.WComponentPeer.handleEvent(Ljava/awt/AWTEvent;)V+155
j  java.awt.Component.dispatchEventImpl(Ljava/awt/AWTEvent;)V+877
j  java.awt.Component.dispatchEvent(Ljava/awt/AWTEvent;)V+2
j  java.awt.EventQueue.dispatchEventImpl(Ljava/awt/AWTEvent;Ljava/lang/Object;)V+41
j  java.awt.EventQueue.access$500(Ljava/awt/EventQueue;Ljava/awt/AWTEvent;Ljava/lang/Object;)V+3
j  java.awt.EventQueue$3.run()Ljava/lang/Void;+32
j  java.awt.EventQueue$3.run()Ljava/lang/Object;+1
v  ~StubRoutines::call_stub
j  java.security.AccessController.doPrivileged(Ljava/security/PrivilegedAction;Ljava/security/AccessControlContext;)Ljava/lang/Object;+0
j  java.security.ProtectionDomain$JavaSecurityAccessImpl.doIntersectionPrivilege(Ljava/security/PrivilegedAction;Ljava/security/AccessControlContext;Ljava/security/AccessControlContext;)Ljava/lang/Object;+18
j  java.security.ProtectionDomain$JavaSecurityAccessImpl.doIntersectionPrivilege(Ljava/security/PrivilegedAction;Ljava/security/AccessControlContext;)Ljava/lang/Object;+6
j  java.awt.EventQueue$4.run()Ljava/lang/Void;+11
j  java.awt.EventQueue$4.run()Ljava/lang/Object;+1
v  ~StubRoutines::call_stub
j  java.security.AccessController.doPrivileged(Ljava/security/PrivilegedAction;Ljava/security/AccessControlContext;)Ljava/lang/Object;+0
j  java.security.ProtectionDomain$JavaSecurityAccessImpl.doIntersectionPrivilege(Ljava/security/PrivilegedAction;Ljava/security/AccessControlContext;Ljava/security/AccessControlContext;)Ljava/lang/Object;+18
j  java.awt.EventQueue.dispatchEvent(Ljava/awt/AWTEvent;)V+73
j  java.awt.EventDispatchThread.pumpOneEventForFilters(I)V+140
j  java.awt.EventDispatchThread.pumpEventsForFilter(ILjava/awt/Conditional;Ljava/awt/EventFilter;)V+35
j  java.awt.EventDispatchThread.pumpEventsForHierarchy(ILjava/awt/Conditional;Ljava/awt/Component;)V+11
j  java.awt.EventDispatchThread.pumpEvents(ILjava/awt/Conditional;)V+4
j  java.awt.EventDispatchThread.pumpEvents(Ljava/awt/Conditional;)V+3
j  java.awt.EventDispatchThread.run()V+9
v  ~StubRoutines::call_stub

---------------  P R O C E S S  ---------------

Java Threads: ( => current thread )
  0x04e9d800 JavaThread "DestroyJavaVM" [_thread_blocked, id=11960, stack(0x04d80000,0x04dd0000)]
  0x17787800 JavaThread "main-SharedResourceRunner" daemon [_thread_blocked, id=16312, stack(0x17f00000,0x17f50000)]
=>0x19b09400 JavaThread "AWT-EventQueue-0" [_thread_in_native, id=17672, stack(0x1a440000,0x1a490000)]
  0x19b0b000 JavaThread "AWT-Shutdown" [_thread_blocked, id=13900, stack(0x1a3b0000,0x1a400000)]
  0x17788000 JavaThread "AWT-Windows" daemon [_thread_in_native, id=18036, stack(0x17f90000,0x17fe0000)]
  0x17786400 JavaThread "Java2D Disposer" daemon [_thread_blocked, id=14276, stack(0x17e30000,0x17e80000)]
  0x1768f000 JavaThread "Service Thread" daemon [_thread_blocked, id=17620, stack(0x17c20000,0x17c70000)]
  0x17686000 JavaThread "C1 CompilerThread0" daemon [_thread_blocked, id=13280, stack(0x17b90000,0x17be0000)]
  0x17685000 JavaThread "Attach Listener" daemon [_thread_blocked, id=18984, stack(0x17b00000,0x17b50000)]
  0x17690000 JavaThread "Signal Dispatcher" daemon [_thread_blocked, id=5856, stack(0x17a70000,0x17ac0000)]
  0x1767b800 JavaThread "Finalizer" daemon [_thread_blocked, id=6884, stack(0x17860000,0x178b0000)]
  0x17665c00 JavaThread "Reference Handler" daemon [_thread_blocked, id=7724, stack(0x07170000,0x071c0000)]

Other Threads:
  0x0503ec00 VMThread [stack: 0x070e0000,0x07130000] [id=13500]
  0x176b6800 WatcherThread [stack: 0x17cb0000,0x17d00000] [id=2340]

VM state:not at safepoint (normal execution)

VM Mutex/Monitor currently owned by a thread: None

Heap:
 def new generation   total 4928K, used 2094K [0x07200000, 0x07750000, 0x0c750000)
  eden space 4416K,  41% used [0x07200000, 0x073c7760, 0x07650000)
  from space 512K,  53% used [0x07650000, 0x076941a0, 0x076d0000)
  to   space 512K,   0% used [0x076d0000, 0x076d0000, 0x07750000)
 tenured generation   total 10944K, used 4317K [0x0c750000, 0x0d200000, 0x17200000)
   the space 10944K,  39% used [0x0c750000, 0x0cb87578, 0x0cb87600, 0x0d200000)
 Metaspace       used 9363K, capacity 9557K, committed 9728K, reserved 10624K

Card table byte_map: [0x04ea0000,0x04f30000] byte_map_base: 0x04e67000

Polling page: 0x012f0000

CodeCache: size=32768Kb used=1094Kb max_used=1094Kb free=31673Kb
 bounds [0x05040000, 0x05158000, 0x07040000]
 total_blobs=666 nmethods=281 adapters=316
 compilation: enabled

Compilation events (10 events):
Event: 2.763 Thread 0x17686000  277             java.net.URL::getQuery (5 bytes)
Event: 2.763 Thread 0x17686000 nmethod 277 0x05150208 code [0x05150300, 0x05150380]
Event: 2.769 Thread 0x17686000  278  s          sun.java2d.loops.GraphicsPrimitive::makeUniqueID (26 bytes)
Event: 2.769 Thread 0x17686000 nmethod 278 0x05150648 code [0x05150740, 0x05150920]
Event: 2.769 Thread 0x17686000  279             sun.java2d.loops.CompositeType::getUniqueID (5 bytes)
Event: 2.769 Thread 0x17686000 nmethod 279 0x05150a08 code [0x05150b00, 0x05150b80]
Event: 2.770 Thread 0x17686000  280  s          sun.java2d.loops.GraphicsPrimitiveMgr::locatePrim (96 bytes)
Event: 2.770 Thread 0x17686000 nmethod 280 0x05150bc8 code [0x05150d00, 0x051511ac]
Event: 2.830 Thread 0x17686000  281             java.util.regex.Pattern$Single::isSatisfiedBy (14 bytes)
Event: 2.830 Thread 0x17686000 nmethod 281 0x05151748 code [0x05151840, 0x051518d0]

GC Heap History (10 events):
Event: 2.600 GC heap before
{Heap before GC invocations=5 (full 0):
 def new generation   total 4928K, used 4430K [0x07200000, 0x07750000, 0x0c750000)
  eden space 4416K, 100% used [0x07200000, 0x07650000, 0x07650000)
  from space 512K,   2% used [0x076d0000, 0x076d3ba0, 0x07750000)
  to   space 512K,   0% used [0x07650000, 0x07650000, 0x076d0000)
 tenured generation   total 10944K, used 3181K [0x0c750000, 0x0d200000, 0x17200000)
   the space 10944K,  29% used [0x0c750000, 0x0ca6b648, 0x0ca6b800, 0x0d200000)
 Metaspace       used 8210K, capacity 8400K, committed 8576K, reserved 8576K
Event: 2.603 GC heap after
Heap after GC invocations=6 (full 0):
 def new generation   total 4928K, used 512K [0x07200000, 0x07750000, 0x0c750000)
  eden space 4416K,   0% used [0x07200000, 0x07200000, 0x07650000)
  from space 512K, 100% used [0x07650000, 0x076d0000, 0x076d0000)
  to   space 512K,   0% used [0x076d0000, 0x076d0000, 0x07750000)
 tenured generation   total 10944K, used 3805K [0x0c750000, 0x0d200000, 0x17200000)
   the space 10944K,  34% used [0x0c750000, 0x0cb075e0, 0x0cb07600, 0x0d200000)
 Metaspace       used 8210K, capacity 8400K, committed 8576K, reserved 8576K
}
Event: 2.622 GC heap before
{Heap before GC invocations=6 (full 0):
 def new generation   total 4928K, used 4928K [0x07200000, 0x07750000, 0x0c750000)
  eden space 4416K, 100% used [0x07200000, 0x07650000, 0x07650000)
  from space 512K, 100% used [0x07650000, 0x076d0000, 0x076d0000)
  to   space 512K,   0% used [0x076d0000, 0x076d0000, 0x07750000)
 tenured generation   total 10944K, used 3805K [0x0c750000, 0x0d200000, 0x17200000)
   the space 10944K,  34% used [0x0c750000, 0x0cb075e0, 0x0cb07600, 0x0d200000)
 Metaspace       used 8210K, capacity 8400K, committed 8576K, reserved 8576K
Event: 2.624 GC heap after
Heap after GC invocations=7 (full 0):
 def new generation   total 4928K, used 46K [0x07200000, 0x07750000, 0x0c750000)
  eden space 4416K,   0% used [0x07200000, 0x07200000, 0x07650000)
  from space 512K,   9% used [0x076d0000, 0x076db8f0, 0x07750000)
  to   space 512K,   0% used [0x07650000, 0x07650000, 0x076d0000)
 tenured generation   total 10944K, used 4317K [0x0c750000, 0x0d200000, 0x17200000)
   the space 10944K,  39% used [0x0c750000, 0x0cb87578, 0x0cb87600, 0x0d200000)
 Metaspace       used 8210K, capacity 8400K, committed 8576K, reserved 8576K
}
Event: 2.659 GC heap before
{Heap before GC invocations=7 (full 0):
 def new generation   total 4928K, used 4462K [0x07200000, 0x07750000, 0x0c750000)
  eden space 4416K, 100% used [0x07200000, 0x07650000, 0x07650000)
  from space 512K,   9% used [0x076d0000, 0x076db8f0, 0x07750000)
  to   space 512K,   0% used [0x07650000, 0x07650000, 0x076d0000)
 tenured generation   total 10944K, used 4317K [0x0c750000, 0x0d200000, 0x17200000)
   the space 10944K,  39% used [0x0c750000, 0x0cb87578, 0x0cb87600, 0x0d200000)
 Metaspace       used 8212K, capacity 8400K, committed 8576K, reserved 8576K
Event: 2.660 GC heap after
Heap after GC invocations=8 (full 0):
 def new generation   total 4928K, used 232K [0x07200000, 0x07750000, 0x0c750000)
  eden space 4416K,   0% used [0x07200000, 0x07200000, 0x07650000)
  from space 512K,  45% used [0x07650000, 0x0768a278, 0x076d0000)
  to   space 512K,   0% used [0x076d0000, 0x076d0000, 0x07750000)
 tenured generation   total 10944K, used 4317K [0x0c750000, 0x0d200000, 0x17200000)
   the space 10944K,  39% used [0x0c750000, 0x0cb87578, 0x0cb87600, 0x0d200000)
 Metaspace       used 8212K, capacity 8400K, committed 8576K, reserved 8576K
}
Event: 2.677 GC heap before
{Heap before GC invocations=8 (full 0):
 def new generation   total 4928K, used 4648K [0x07200000, 0x07750000, 0x0c750000)
  eden space 4416K, 100% used [0x07200000, 0x07650000, 0x07650000)
  from space 512K,  45% used [0x07650000, 0x0768a278, 0x076d0000)
  to   space 512K,   0% used [0x076d0000, 0x076d0000, 0x07750000)
 tenured generation   total 10944K, used 4317K [0x0c750000, 0x0d200000, 0x17200000)
   the space 10944K,  39% used [0x0c750000, 0x0cb87578, 0x0cb87600, 0x0d200000)
 Metaspace       used 8212K, capacity 8400K, committed 8576K, reserved 8576K
Event: 2.677 GC heap after
Heap after GC invocations=9 (full 0):
 def new generation   total 4928K, used 230K [0x07200000, 0x07750000, 0x0c750000)
  eden space 4416K,   0% used [0x07200000, 0x07200000, 0x07650000)
  from space 512K,  44% used [0x076d0000, 0x07709818, 0x07750000)
  to   space 512K,   0% used [0x07650000, 0x07650000, 0x076d0000)
 tenured generation   total 10944K, used 4317K [0x0c750000, 0x0d200000, 0x17200000)
   the space 10944K,  39% used [0x0c750000, 0x0cb87578, 0x0cb87600, 0x0d200000)
 Metaspace       used 8212K, capacity 8400K, committed 8576K, reserved 8576K
}
Event: 2.733 GC heap before
{Heap before GC invocations=9 (full 0):
 def new generation   total 4928K, used 4646K [0x07200000, 0x07750000, 0x0c750000)
  eden space 4416K, 100% used [0x07200000, 0x07650000, 0x07650000)
  from space 512K,  44% used [0x076d0000, 0x07709818, 0x07750000)
  to   space 512K,   0% used [0x07650000, 0x07650000, 0x076d0000)
 tenured generation   total 10944K, used 4317K [0x0c750000, 0x0d200000, 0x17200000)
   the space 10944K,  39% used [0x0c750000, 0x0cb87578, 0x0cb87600, 0x0d200000)
 Metaspace       used 8720K, capacity 8885K, committed 8960K, reserved 9600K
Event: 2.735 GC heap after
Heap after GC invocations=10 (full 0):
 def new generation   total 4928K, used 272K [0x07200000, 0x07750000, 0x0c750000)
  eden space 4416K,   0% used [0x07200000, 0x07200000, 0x07650000)
  from space 512K,  53% used [0x07650000, 0x076941a0, 0x076d0000)
  to   space 512K,   0% used [0x076d0000, 0x076d0000, 0x07750000)
 tenured generation   total 10944K, used 4317K [0x0c750000, 0x0d200000, 0x17200000)
   the space 10944K,  39% used [0x0c750000, 0x0cb87578, 0x0cb87600, 0x0d200000)
 Metaspace       used 8720K, capacity 8885K, committed 8960K, reserved 9600K
}

Deoptimization events (0 events):
No events

Classes redefined (0 events):
No events

Internal exceptions (10 events):
Event: 0.132 Thread 0x04e9d800 Exception <a 'java/security/PrivilegedActionException'> (0x072f6798) thrown at [C:\re\workspace\8-2-build-windows-i586-cygwin\jdk8u171\10807\hotspot\src\share\vm\prims\jvm.cpp, line 1435]
Event: 0.133 Thread 0x04e9d800 Exception <a 'java/security/PrivilegedActionException'> (0x072fa5d0) thrown at [C:\re\workspace\8-2-build-windows-i586-cygwin\jdk8u171\10807\hotspot\src\share\vm\prims\jvm.cpp, line 1435]
Event: 0.133 Thread 0x04e9d800 Exception <a 'java/security/PrivilegedActionException'> (0x072fa7d0) thrown at [C:\re\workspace\8-2-build-windows-i586-cygwin\jdk8u171\10807\hotspot\src\share\vm\prims\jvm.cpp, line 1435]
Event: 0.139 Thread 0x04e9d800 Exception <a 'java/io/FileNotFoundException'> (0x072fc598) thrown at [C:\re\workspace\8-2-build-windows-i586-cygwin\jdk8u171\10807\hotspot\src\share\vm\prims\jni.cpp, line 709]
Event: 0.171 Thread 0x04e9d800 Exception <a 'java/lang/NoSuchFieldError': method resolution failed> (0x073ba570) thrown at [C:\re\workspace\8-2-build-windows-i586-cygwin\jdk8u171\10807\hotspot\src\share\vm\prims\methodHandles.cpp, line 1167]
Event: 0.172 Thread 0x04e9d800 Exception <a 'java/lang/NoSuchFieldError': method resolution failed> (0x073c6710) thrown at [C:\re\workspace\8-2-build-windows-i586-cygwin\jdk8u171\10807\hotspot\src\share\vm\prims\methodHandles.cpp, line 1167]
Event: 0.215 Thread 0x04e9d800 Exception <a 'java/io/FileNotFoundException'> (0x07453e10) thrown at [C:\re\workspace\8-2-build-windows-i586-cygwin\jdk8u171\10807\hotspot\src\share\vm\prims\jni.cpp, line 709]
Event: 2.748 Thread 0x04e9d800 Exception <a 'java/lang/reflect/InvocationTargetException'> (0x07236778) thrown at [C:\re\workspace\8-2-build-windows-i586-cygwin\jdk8u171\10807\hotspot\src\share\vm\runtime\reflection.cpp, line 1092]
Event: 2.833 Thread 0x19b09400 Exception <a 'java/io/FileNotFoundException'> (0x073c3e58) thrown at [C:\re\workspace\8-2-build-windows-i586-cygwin\jdk8u171\10807\hotspot\src\share\vm\prims\jni.cpp, line 709]
Event: 2.833 Thread 0x19b09400 Exception <a 'java/io/FileNotFoundException'> (0x073c4ef8) thrown at [C:\re\workspace\8-2-build-windows-i586-cygwin\jdk8u171\10807\hotspot\src\share\vm\prims\jni.cpp, line 709]

Events (10 events):
Event: 2.832 loading class java/util/regex/Pattern$CharPropertyNames$21
Event: 2.832 loading class java/util/regex/Pattern$CharPropertyNames$21 done
Event: 2.833 loading class java/util/regex/Pattern$CharPropertyNames$22
Event: 2.833 loading class java/util/regex/Pattern$CharPropertyNames$22 done
Event: 2.833 loading class java/util/regex/Pattern$CharPropertyNames$23
Event: 2.833 loading class java/util/regex/Pattern$CharPropertyNames$23 done
Event: 2.833 loading class java/util/regex/Pattern$All
Event: 2.833 loading class java/util/regex/Pattern$All done
Event: 2.833 loading class java/util/regex/Pattern$6
Event: 2.833 loading class java/util/regex/Pattern$6 done


Dynamic libraries:
0x01300000 - 0x01333000 	C:\Program Files (x86)\Java\jre1.8.0_171\bin\javaw.exe
0x64680000 - 0x64686000 	C:\Program Files\CyNTFMIHYBLXA.dll
0x64a50000 - 0x64a58000 	C:\Program Files\CyKNPHDOJQHQZ.dll
0x572b0000 - 0x572ce000 	C:\Program Files\CyMemDef.DLL
0x76f40000 - 0x770cc000 	C:\WINDOWS\SYSTEM32\ntdll.dll
0x75f80000 - 0x76050000 	C:\WINDOWS\System32\KERNEL32.DLL
0x75da0000 - 0x75f78000 	C:\WINDOWS\System32\KERNELBASE.dll
0x761f0000 - 0x76268000 	C:\WINDOWS\System32\ADVAPI32.dll
0x740a0000 - 0x7415d000 	C:\WINDOWS\System32\msvcrt.dll
0x76050000 - 0x76093000 	C:\WINDOWS\System32\sechost.dll
0x75a20000 - 0x75ade000 	C:\WINDOWS\System32\RPCRT4.dll
0x73940000 - 0x73960000 	C:\WINDOWS\System32\SspiCli.dll
0x73930000 - 0x7393a000 	C:\WINDOWS\System32\CRYPTBASE.dll
0x75970000 - 0x759c7000 	C:\WINDOWS\System32\bcryptPrimitives.dll
0x75ae0000 - 0x75c55000 	C:\WINDOWS\System32\USER32.dll
0x73f60000 - 0x73f76000 	C:\WINDOWS\System32\win32u.dll
0x75c60000 - 0x75c82000 	C:\WINDOWS\System32\GDI32.dll
0x76410000 - 0x7656f000 	C:\WINDOWS\System32\gdi32full.dll
0x76380000 - 0x763fc000 	C:\WINDOWS\System32\msvcp_win.dll
0x73f80000 - 0x74096000 	C:\WINDOWS\System32\ucrtbase.dll
0x6a760000 - 0x6a971000 	C:\WINDOWS\WinSxS\x86_microsoft.windows.common-controls_6595b64144ccf1df_6.0.16299.1087_none_573dab8d6ee1b2bd\COMCTL32.dll
0x76cf0000 - 0x76f35000 	C:\WINDOWS\System32\combase.dll
0x73f30000 - 0x73f55000 	C:\WINDOWS\System32\IMM32.DLL
0x73820000 - 0x7385b000 	C:\PROGRA~2\Sophos\SOPHOS~1\SOPHOS~1.DLL
0x761e0000 - 0x761e6000 	C:\WINDOWS\System32\PSAPI.DLL
0x78760000 - 0x7881f000 	C:\Program Files (x86)\Java\jre1.8.0_171\bin\msvcr100.dll
0x6c2d0000 - 0x6c6a1000 	C:\Program Files (x86)\Java\jre1.8.0_171\bin\client\jvm.dll
0x6fb00000 - 0x6fb08000 	C:\WINDOWS\SYSTEM32\WSOCK32.dll
0x762d0000 - 0x76336000 	C:\WINDOWS\System32\WS2_32.dll
0x71650000 - 0x71674000 	C:\WINDOWS\SYSTEM32\WINMM.dll
0x728f0000 - 0x728f8000 	C:\WINDOWS\SYSTEM32\VERSION.dll
0x71620000 - 0x71643000 	C:\WINDOWS\SYSTEM32\WINMMBASE.dll
0x76340000 - 0x76378000 	C:\WINDOWS\System32\cfgmgr32.dll
0x571f0000 - 0x571fc000 	C:\Program Files (x86)\Java\jre1.8.0_171\bin\verify.dll
0x6d420000 - 0x6d442000 	C:\Program Files (x86)\Java\jre1.8.0_171\bin\java.dll
0x70bd0000 - 0x70be4000 	C:\Program Files (x86)\Java\jre1.8.0_171\bin\zip.dll
0x74160000 - 0x75494000 	C:\WINDOWS\System32\SHELL32.dll
0x76a50000 - 0x76ad8000 	C:\WINDOWS\System32\shcore.dll
0x73960000 - 0x73f24000 	C:\WINDOWS\System32\windows.storage.dll
0x76a00000 - 0x76a45000 	C:\WINDOWS\System32\shlwapi.dll
0x76b70000 - 0x76b7e000 	C:\WINDOWS\System32\kernel.appcore.dll
0x75920000 - 0x75965000 	C:\WINDOWS\System32\powrprof.dll
0x75c90000 - 0x75ca4000 	C:\WINDOWS\System32\profapi.dll
0x6c120000 - 0x6c265000 	C:\Program Files (x86)\Java\jre1.8.0_171\bin\awt.dll
0x76140000 - 0x761d3000 	C:\WINDOWS\System32\OLEAUT32.dll
0x6a2f0000 - 0x6a38a000 	C:\WINDOWS\SYSTEM32\apphelp.dll
0x6da90000 - 0x6dab3000 	C:\WINDOWS\system32\DWMAPI.DLL
0x6dac0000 - 0x6db39000 	C:\WINDOWS\system32\uxtheme.dll
0x68480000 - 0x6855f000 	C:\WINDOWS\system32\opengl32.dll
0x50230000 - 0x50255000 	C:\WINDOWS\SYSTEM32\GLU32.dll
0x754a0000 - 0x755e4000 	C:\WINDOWS\System32\MSCTF.dll
0x755f0000 - 0x756e7000 	C:\WINDOWS\System32\ole32.dll
0x725c0000 - 0x725d3000 	C:\WINDOWS\SYSTEM32\CRYPTSP.dll
0x72590000 - 0x725bf000 	C:\WINDOWS\system32\rsaenh.dll
0x72130000 - 0x72149000 	C:\WINDOWS\SYSTEM32\bcrypt.dll
0x73900000 - 0x73922000 	C:\WINDOWS\SYSTEM32\USERENV.dll
0x6fc00000 - 0x6fc15000 	C:\Program Files (x86)\Java\jre1.8.0_171\bin\net.dll
0x71df0000 - 0x71e45000 	C:\WINDOWS\system32\mswsock.dll
0x71cc0000 - 0x71cf0000 	C:\WINDOWS\SYSTEM32\IPHLPAPI.DLL
0x760a0000 - 0x760a7000 	C:\WINDOWS\System32\NSI.dll
0x71d80000 - 0x71d93000 	C:\WINDOWS\SYSTEM32\dhcpcsvc6.DLL
0x71600000 - 0x71614000 	C:\WINDOWS\SYSTEM32\dhcpcsvc.DLL
0x571e0000 - 0x571ef000 	C:\Program Files (x86)\Java\jre1.8.0_171\bin\nio.dll
0x637c0000 - 0x637cb000 	C:\Users\Iking\AppData\Local\Temp\jogamp_0000\file_cache\jln893774067517195586\jln2259480312544377847\natives\windows-i586\gluegen-rt.dll
0x6cbe0000 - 0x6cbe6000 	C:\Program Files (x86)\Java\jre1.8.0_171\bin\jawt.dll
0x6a440000 - 0x6a44b000 	C:\Users\Iking\AppData\Local\Temp\jogamp_0000\file_cache\jln893774067517195586\jln2259480312544377847\natives\windows-i586\nativewindow_awt.dll
0x6c100000 - 0x6c10d000 	C:\Users\Iking\AppData\Local\Temp\jogamp_0000\file_cache\jln893774067517195586\jln2259480312544377847\natives\windows-i586\nativewindow_win32.dll
0x64500000 - 0x645a1000 	C:\Users\Iking\AppData\Local\Temp\jogamp_0000\file_cache\jln893774067517195586\jln2259480312544377847\natives\windows-i586\jogl_desktop.dll
0x64340000 - 0x6439a000 	C:\Users\Iking\AppData\Local\Temp\jogamp_0000\file_cache\jln893774067517195586\jln2259480312544377847\natives\windows-i586\jogl_mobile.dll
0x1af70000 - 0x1bad3000 	C:\WINDOWS\System32\DriverStore\FileRepository\ki125177.inf_amd64_d9d520fc51d8a7f4\ig9icd32.dll
0x73810000 - 0x7381f000 	C:\WINDOWS\SYSTEM32\WTSAPI32.dll
0x6a650000 - 0x6a6e3000 	C:\WINDOWS\SYSTEM32\dxgi.dll
0x61350000 - 0x625f8000 	C:\WINDOWS\System32\DriverStore\FileRepository\ki125177.inf_amd64_d9d520fc51d8a7f4\igc32.dll
0x6d630000 - 0x6d669000 	C:\Program Files (x86)\Java\jre1.8.0_171\bin\fontmanager.dll
0x685a0000 - 0x68617000 	C:\WINDOWS\System32\TextInputFramework.dll
0x68780000 - 0x689b4000 	C:\WINDOWS\System32\CoreUIComponents.dll
0x68620000 - 0x686ac000 	C:\WINDOWS\System32\CoreMessaging.dll
0x73790000 - 0x737b8000 	C:\WINDOWS\SYSTEM32\ntmarta.dll
0x686b0000 - 0x6877b000 	C:\WINDOWS\SYSTEM32\wintypes.dll
0x71e80000 - 0x72001000 	C:\WINDOWS\SYSTEM32\dbghelp.dll

VM Arguments:
jvm_args: -Djava.library.path=C:\Users\Iking\Desktop\Code\Java-libs\jogamp-all-platforms\lib\windows-amd64;C:\Users\Iking\Desktop\Code\Java-libs\jogamp-all-platforms\lib\windows-amd64 -Dfile.encoding=Cp1252 
java_command: TextbookCh2Pr5
java_class_path (initial): C:\Program Files (x86)\Java\jre1.8.0_171\lib\resources.jar;C:\Program Files (x86)\Java\jre1.8.0_171\lib\rt.jar;C:\Program Files (x86)\Java\jre1.8.0_171\lib\jsse.jar;C:\Program Files (x86)\Java\jre1.8.0_171\lib\jce.jar;C:\Program Files (x86)\Java\jre1.8.0_171\lib\charsets.jar;C:\Program Files (x86)\Java\jre1.8.0_171\lib\jfr.jar;C:\Program Files (x86)\Java\jre1.8.0_171\lib\ext\access-bridge-32.jar;C:\Program Files (x86)\Java\jre1.8.0_171\lib\ext\cldrdata.jar;C:\Program Files (x86)\Java\jre1.8.0_171\lib\ext\dnsns.jar;C:\Program Files (x86)\Java\jre1.8.0_171\lib\ext\jaccess.jar;C:\Program Files (x86)\Java\jre1.8.0_171\lib\ext\jfxrt.jar;C:\Program Files (x86)\Java\jre1.8.0_171\lib\ext\localedata.jar;C:\Program Files (x86)\Java\jre1.8.0_171\lib\ext\nashorn.jar;C:\Program Files (x86)\Java\jre1.8.0_171\lib\ext\sunec.jar;C:\Program Files (x86)\Java\jre1.8.0_171\lib\ext\sunjce_provider.jar;C:\Program Files (x86)\Java\jre1.8.0_171\lib\ext\sunmscapi.jar;C:\Program Files (x86)\Java\jre1.8.0_171\lib\ext\sunpkcs11.jar;C:\Program Files (x86)\Java\jre1.8.0_171\lib\ext\zipfs.jar;C:\Users\Iking\Personal\School\451\JOGL_test\bin;C:\Users\Iking\Desktop\Code\Java-libs\jogamp-all-platforms\jar\gluegen-rt.jar;C:\Users\Iking\Desktop\Code\Java-libs\jogamp-all-platforms\jar\jogl-all.jar
Launcher Type: SUN_STANDARD

Environment Variables:
JAVA_HOME=C:\Program Files (x86)\Java\jre1.8.0_131
JRE_HOME=C:\Program Files (x86)\Java\jre1.8.0_131
USERNAME=Iking
OS=Windows_NT
PROCESSOR_IDENTIFIER=Intel64 Family 6 Model 78 Stepping 3, GenuineIntel



---------------  S Y S T E M  ---------------

OS: Windows 10.0 , 64 bit Build 16299 (10.0.16299.1087)

CPU:total 4 (initial active 4) (2 cores per cpu, 2 threads per core) family 6 model 78 stepping 3, cmov, cx8, fxsr, mmx, sse, sse2, sse3, ssse3, sse4.1, sse4.2, popcnt, avx, avx2, aes, clmul, erms, 3dnowpref, lzcnt, ht, tsc, tscinvbit, bmi1, bmi2, adx

Memory: 4k page, physical 12242384k(6298272k free), swap 24825296k(15453340k free)

vm_info: Java HotSpot(TM) Client VM (25.171-b11) for windows-x86 JRE (1.8.0_171-b11), built on Mar 28 2018 14:51:22 by "java_re" with MS VC++ 10.0 (VS2010)

time: Tue Aug 27 16:32:41 2019
elapsed time: 3 seconds (0d 0h 0m 3s)

