#
# A fatal error has been detected by the Java Runtime Environment:
#
#  EXCEPTION_ACCESS_VIOLATION (0xc0000005) at pc=0x1af21fd6, pid=19048, tid=0x00002560
#
# JRE version: Java(TM) SE Runtime Environment (8.0_171-b11) (build 1.8.0_171-b11)
# Java VM: Java HotSpot(TM) Client VM (25.171-b11 mixed mode windows-x86 )
# Problematic frame:
# C  [ig9icd32.dll+0x31fd6]
#
# Failed to write core dump. Minidumps are not enabled by default on client versions of Windows
#
# If you would like to submit a bug report, please visit:
#   http://bugreport.java.com/bugreport/crash.jsp
# The crash happened outside the Java Virtual Machine in native code.
# See problematic frame for where to report the bug.
#

---------------  T H R E A D  ---------------

Current thread (0x19ac0800):  JavaThread "AWT-EventQueue-0" [_thread_in_native, id=9568, stack(0x1a370000,0x1a3c0000)]

siginfo: ExceptionCode=0xc0000005, reading address 0x00000000

Registers:
EAX=0x00000000, EBX=0x23d8de34, ECX=0x00000000, EDX=0x00000000
ESP=0x1a3be374, EBP=0x1a3be38c, ESI=0x00000000, EDI=0x00000000
EIP=0x1af21fd6, EFLAGS=0x00010246

Top of Stack: (sp=0x1a3be374)
0x1a3be374:   00000001 00f16e40 00f16e40 23d8ddc8
0x1a3be384:   00000000 1a3be390 1a3be3a8 1af220d4
0x1a3be394:   00f16e40 00000003 00000000 00000000
0x1a3be3a4:   1b1ba4b0 1a3be3c4 1b1ba4e0 00f16e40
0x1a3be3b4:   00000001 00000003 00000000 00000000
0x1a3be3c4:   1a3be3ec 1b2c3689 00000001 00000003
0x1a3be3d4:   00000000 00000000 00000000 1b2c3650
0x1a3be3e4:   19ac0940 1b2c3650 1a3be408 1b73e355 

Instructions: (pc=0x1af21fd6)
0x1af21fb6:   8b 4d 14 33 ff 8b 75 10 8b c1 2b c6 89 45 f8 85
0x1af21fc6:   c9 74 0d 8b 04 30 85 c0 78 06 8b 0b 03 cf eb 26
0x1af21fd6:   8b 06 8b 13 03 d7 80 38 00 75 04 33 c0 eb 15 8d
0x1af21fe6:   48 01 89 4d fc 0f 1f 44 00 00 8a 08 40 84 c9 75 


Register to memory mapping:

EAX=0x00000000 is an unknown value
EBX=0x23d8de34 is an unknown value
ECX=0x00000000 is an unknown value
EDX=0x00000000 is an unknown value
ESP=0x1a3be374 is pointing into the stack for thread: 0x19ac0800
EBP=0x1a3be38c is pointing into the stack for thread: 0x19ac0800
ESI=0x00000000 is an unknown value
EDI=0x00000000 is an unknown value


Stack: [0x1a370000,0x1a3c0000],  sp=0x1a3be374,  free space=312k
Native frames: (J=compiled Java code, j=interpreted, Vv=VM code, C=native code)
C  [ig9icd32.dll+0x31fd6]
C  [ig9icd32.dll+0x320d4]
C  [ig9icd32.dll+0x2ca4e0]
C  [ig9icd32.dll+0x3d3689]
C  [ig9icd32.dll+0x84e355]
C  [jogl_desktop.dll+0x21077]
j  jogamp.opengl.gl4.GL4bcImpl.dispatch_glShaderSource1(II[Ljava/lang/String;Ljava/lang/Object;IZJ)V+0
j  jogamp.opengl.gl4.GL4bcImpl.glShaderSource(II[Ljava/lang/String;[II)V+110
j  TextbookCh2Pr5.createShaderProgram()I+38
j  TextbookCh2Pr5.init(Lcom/jogamp/opengl/GLAutoDrawable;)V+9
j  jogamp.opengl.GLDrawableHelper.init(Lcom/jogamp/opengl/GLEventListener;Lcom/jogamp/opengl/GLAutoDrawable;Z)V+2
j  jogamp.opengl.GLDrawableHelper.init(Lcom/jogamp/opengl/GLAutoDrawable;Z)V+81
j  com.jogamp.opengl.awt.GLCanvas$10.run()V+26
j  jogamp.opengl.GLDrawableHelper.invokeGLImpl(Lcom/jogamp/opengl/GLDrawable;Lcom/jogamp/opengl/GLContext;Ljava/lang/Runnable;Ljava/lang/Runnable;)V+197
j  jogamp.opengl.GLDrawableHelper.invokeGL(Lcom/jogamp/opengl/GLDrawable;Lcom/jogamp/opengl/GLContext;Ljava/lang/Runnable;Ljava/lang/Runnable;)V+72
j  com.jogamp.opengl.awt.GLCanvas$12.run()V+104
j  com.jogamp.opengl.Threading.invoke(ZLjava/lang/Runnable;Ljava/lang/Object;)V+27
j  com.jogamp.opengl.awt.GLCanvas.display()V+64
j  com.jogamp.opengl.awt.GLCanvas.paint(Ljava/awt/Graphics;)V+137
j  sun.awt.RepaintArea.paintComponent(Ljava/awt/Component;Ljava/awt/Graphics;)V+6
j  sun.awt.RepaintArea.paint(Ljava/lang/Object;Z)V+326
j  sun.awt.windows.WComponentPeer.handleEvent(Ljava/awt/AWTEvent;)V+155
j  java.awt.Component.dispatchEventImpl(Ljava/awt/AWTEvent;)V+877
j  java.awt.Component.dispatchEvent(Ljava/awt/AWTEvent;)V+2
j  java.awt.EventQueue.dispatchEventImpl(Ljava/awt/AWTEvent;Ljava/lang/Object;)V+41
j  java.awt.EventQueue.access$500(Ljava/awt/EventQueue;Ljava/awt/AWTEvent;Ljava/lang/Object;)V+3
j  java.awt.EventQueue$3.run()Ljava/lang/Void;+32
j  java.awt.EventQueue$3.run()Ljava/lang/Object;+1
v  ~StubRoutines::call_stub
V  [jvm.dll+0x15b985]
V  [jvm.dll+0x22262e]
V  [jvm.dll+0x15ba1e]
V  [jvm.dll+0x10bbaf]
C  [java.dll+0x102f]
j  java.security.ProtectionDomain$JavaSecurityAccessImpl.doIntersectionPrivilege(Ljava/security/PrivilegedAction;Ljava/security/AccessControlContext;Ljava/security/AccessControlContext;)Ljava/lang/Object;+18
j  java.security.ProtectionDomain$JavaSecurityAccessImpl.doIntersectionPrivilege(Ljava/security/PrivilegedAction;Ljava/security/AccessControlContext;)Ljava/lang/Object;+6
j  java.awt.EventQueue$4.run()Ljava/lang/Void;+11
j  java.awt.EventQueue$4.run()Ljava/lang/Object;+1
v  ~StubRoutines::call_stub
V  [jvm.dll+0x15b985]
V  [jvm.dll+0x22262e]
V  [jvm.dll+0x15ba1e]
V  [jvm.dll+0x10bbaf]
C  [java.dll+0x102f]
j  java.security.ProtectionDomain$JavaSecurityAccessImpl.doIntersectionPrivilege(Ljava/security/PrivilegedAction;Ljava/security/AccessControlContext;Ljava/security/AccessControlContext;)Ljava/lang/Object;+18
j  java.awt.EventQueue.dispatchEvent(Ljava/awt/AWTEvent;)V+73
j  java.awt.EventDispatchThread.pumpOneEventForFilters(I)V+140
j  java.awt.EventDispatchThread.pumpEventsForFilter(ILjava/awt/Conditional;Ljava/awt/EventFilter;)V+35
j  java.awt.EventDispatchThread.pumpEventsForHierarchy(ILjava/awt/Conditional;Ljava/awt/Component;)V+11
j  java.awt.EventDispatchThread.pumpEvents(ILjava/awt/Conditional;)V+4
j  java.awt.EventDispatchThread.pumpEvents(Ljava/awt/Conditional;)V+3
j  java.awt.EventDispatchThread.run()V+9
v  ~StubRoutines::call_stub
V  [jvm.dll+0x15b985]
V  [jvm.dll+0x22262e]
V  [jvm.dll+0x15ba1e]
V  [jvm.dll+0x15bba6]
V  [jvm.dll+0x15bc17]
V  [jvm.dll+0xffb3f]
V  [jvm.dll+0x17eb50]
V  [jvm.dll+0x17f3ca]
V  [jvm.dll+0x1c3fe6]
C  [msvcr100.dll+0x5c556]
C  [msvcr100.dll+0x5c600]
C  [KERNEL32.DLL+0x18674]
C  [ntdll.dll+0x65e17]
C  [ntdll.dll+0x65de7]
C  0x00000000

Java frames: (J=compiled Java code, j=interpreted, Vv=VM code)
j  jogamp.opengl.gl4.GL4bcImpl.dispatch_glShaderSource1(II[Ljava/lang/String;Ljava/lang/Object;IZJ)V+0
j  jogamp.opengl.gl4.GL4bcImpl.glShaderSource(II[Ljava/lang/String;[II)V+110
j  TextbookCh2Pr5.createShaderProgram()I+38
j  TextbookCh2Pr5.init(Lcom/jogamp/opengl/GLAutoDrawable;)V+9
j  jogamp.opengl.GLDrawableHelper.init(Lcom/jogamp/opengl/GLEventListener;Lcom/jogamp/opengl/GLAutoDrawable;Z)V+2
j  jogamp.opengl.GLDrawableHelper.init(Lcom/jogamp/opengl/GLAutoDrawable;Z)V+81
j  com.jogamp.opengl.awt.GLCanvas$10.run()V+26
j  jogamp.opengl.GLDrawableHelper.invokeGLImpl(Lcom/jogamp/opengl/GLDrawable;Lcom/jogamp/opengl/GLContext;Ljava/lang/Runnable;Ljava/lang/Runnable;)V+197
j  jogamp.opengl.GLDrawableHelper.invokeGL(Lcom/jogamp/opengl/GLDrawable;Lcom/jogamp/opengl/GLContext;Ljava/lang/Runnable;Ljava/lang/Runnable;)V+72
j  com.jogamp.opengl.awt.GLCanvas$12.run()V+104
j  com.jogamp.opengl.Threading.invoke(ZLjava/lang/Runnable;Ljava/lang/Object;)V+27
j  com.jogamp.opengl.awt.GLCanvas.display()V+64
j  com.jogamp.opengl.awt.GLCanvas.paint(Ljava/awt/Graphics;)V+137
j  sun.awt.RepaintArea.paintComponent(Ljava/awt/Component;Ljava/awt/Graphics;)V+6
j  sun.awt.RepaintArea.paint(Ljava/lang/Object;Z)V+326
j  sun.awt.windows.WComponentPeer.handleEvent(Ljava/awt/AWTEvent;)V+155
j  java.awt.Component.dispatchEventImpl(Ljava/awt/AWTEvent;)V+877
j  java.awt.Component.dispatchEvent(Ljava/awt/AWTEvent;)V+2
j  java.awt.EventQueue.dispatchEventImpl(Ljava/awt/AWTEvent;Ljava/lang/Object;)V+41
j  java.awt.EventQueue.access$500(Ljava/awt/EventQueue;Ljava/awt/AWTEvent;Ljava/lang/Object;)V+3
j  java.awt.EventQueue$3.run()Ljava/lang/Void;+32
j  java.awt.EventQueue$3.run()Ljava/lang/Object;+1
v  ~StubRoutines::call_stub
j  java.security.AccessController.doPrivileged(Ljava/security/PrivilegedAction;Ljava/security/AccessControlContext;)Ljava/lang/Object;+0
j  java.security.ProtectionDomain$JavaSecurityAccessImpl.doIntersectionPrivilege(Ljava/security/PrivilegedAction;Ljava/security/AccessControlContext;Ljava/security/AccessControlContext;)Ljava/lang/Object;+18
j  java.security.ProtectionDomain$JavaSecurityAccessImpl.doIntersectionPrivilege(Ljava/security/PrivilegedAction;Ljava/security/AccessControlContext;)Ljava/lang/Object;+6
j  java.awt.EventQueue$4.run()Ljava/lang/Void;+11
j  java.awt.EventQueue$4.run()Ljava/lang/Object;+1
v  ~StubRoutines::call_stub
j  java.security.AccessController.doPrivileged(Ljava/security/PrivilegedAction;Ljava/security/AccessControlContext;)Ljava/lang/Object;+0
j  java.security.ProtectionDomain$JavaSecurityAccessImpl.doIntersectionPrivilege(Ljava/security/PrivilegedAction;Ljava/security/AccessControlContext;Ljava/security/AccessControlContext;)Ljava/lang/Object;+18
j  java.awt.EventQueue.dispatchEvent(Ljava/awt/AWTEvent;)V+73
j  java.awt.EventDispatchThread.pumpOneEventForFilters(I)V+140
j  java.awt.EventDispatchThread.pumpEventsForFilter(ILjava/awt/Conditional;Ljava/awt/EventFilter;)V+35
j  java.awt.EventDispatchThread.pumpEventsForHierarchy(ILjava/awt/Conditional;Ljava/awt/Component;)V+11
j  java.awt.EventDispatchThread.pumpEvents(ILjava/awt/Conditional;)V+4
j  java.awt.EventDispatchThread.pumpEvents(Ljava/awt/Conditional;)V+3
j  java.awt.EventDispatchThread.run()V+9
v  ~StubRoutines::call_stub

---------------  P R O C E S S  ---------------

Java Threads: ( => current thread )
  0x010ed800 JavaThread "DestroyJavaVM" [_thread_blocked, id=13408, stack(0x01230000,0x01280000)]
  0x19b71000 JavaThread "main-SharedResourceRunner" daemon [_thread_blocked, id=19672, stack(0x1a400000,0x1a450000)]
=>0x19ac0800 JavaThread "AWT-EventQueue-0" [_thread_in_native, id=9568, stack(0x1a370000,0x1a3c0000)]
  0x19ac4800 JavaThread "AWT-Shutdown" [_thread_blocked, id=14264, stack(0x17e80000,0x17ed0000)]
  0x1762d400 JavaThread "AWT-Windows" daemon [_thread_in_native, id=21024, stack(0x17f50000,0x17fa0000)]
  0x1762b000 JavaThread "Java2D Disposer" daemon [_thread_blocked, id=1576, stack(0x17df0000,0x17e40000)]
  0x174ef000 JavaThread "Service Thread" daemon [_thread_blocked, id=13376, stack(0x17be0000,0x17c30000)]
  0x174e6000 JavaThread "C1 CompilerThread0" daemon [_thread_blocked, id=19716, stack(0x17b50000,0x17ba0000)]
  0x174e5000 JavaThread "Attach Listener" daemon [_thread_blocked, id=8624, stack(0x17ac0000,0x17b10000)]
  0x174f0000 JavaThread "Signal Dispatcher" daemon [_thread_blocked, id=20832, stack(0x17a30000,0x17a80000)]
  0x174db800 JavaThread "Finalizer" daemon [_thread_blocked, id=21096, stack(0x17820000,0x17870000)]
  0x174c5c00 JavaThread "Reference Handler" daemon [_thread_blocked, id=16720, stack(0x17790000,0x177e0000)]

Other Threads:
  0x04ffec00 VMThread [stack: 0x17700000,0x17750000] [id=20240]
  0x17516800 WatcherThread [stack: 0x17c70000,0x17cc0000] [id=14376]

VM state:not at safepoint (normal execution)

VM Mutex/Monitor currently owned by a thread: None

Heap:
 def new generation   total 4928K, used 1888K [0x07000000, 0x07550000, 0x0c550000)
  eden space 4416K,  35% used [0x07000000, 0x071892c8, 0x07450000)
  from space 512K,  61% used [0x07450000, 0x0749f048, 0x074d0000)
  to   space 512K,   0% used [0x074d0000, 0x074d0000, 0x07550000)
 tenured generation   total 10944K, used 4351K [0x0c550000, 0x0d000000, 0x17000000)
   the space 10944K,  39% used [0x0c550000, 0x0c98ff38, 0x0c990000, 0x0d000000)
 Metaspace       used 9363K, capacity 9557K, committed 9728K, reserved 10624K

Card table byte_map: [0x04bf0000,0x04c80000] byte_map_base: 0x04bb8000

Polling page: 0x01150000

CodeCache: size=32768Kb used=1090Kb max_used=1090Kb free=31677Kb
 bounds [0x05000000, 0x05118000, 0x07000000]
 total_blobs=663 nmethods=278 adapters=316
 compilation: enabled

Compilation events (10 events):
Event: 2.722 Thread 0x174e6000  273             java.net.URL::getQuery (5 bytes)
Event: 2.722 Thread 0x174e6000 nmethod 273 0x0510f1c8 code [0x0510f2c0, 0x0510f340]
Event: 2.729 Thread 0x174e6000  275  s          sun.java2d.loops.GraphicsPrimitive::makeUniqueID (26 bytes)
Event: 2.729 Thread 0x174e6000 nmethod 275 0x0510f8c8 code [0x0510f9c0, 0x0510fba0]
Event: 2.729 Thread 0x174e6000  276             sun.java2d.loops.CompositeType::getUniqueID (5 bytes)
Event: 2.729 Thread 0x174e6000 nmethod 276 0x0510fc88 code [0x0510fd80, 0x0510fe00]
Event: 2.729 Thread 0x174e6000  277  s          sun.java2d.loops.GraphicsPrimitiveMgr::locatePrim (96 bytes)
Event: 2.730 Thread 0x174e6000 nmethod 277 0x0510fe48 code [0x0510ff80, 0x0511042c]
Event: 2.797 Thread 0x174e6000  278             java.util.regex.Pattern$Single::isSatisfiedBy (14 bytes)
Event: 2.797 Thread 0x174e6000 nmethod 278 0x051109c8 code [0x05110ac0, 0x05110b50]

GC Heap History (10 events):
Event: 2.563 GC heap before
{Heap before GC invocations=5 (full 0):
 def new generation   total 4928K, used 4431K [0x07000000, 0x07550000, 0x0c550000)
  eden space 4416K, 100% used [0x07000000, 0x07450000, 0x07450000)
  from space 512K,   2% used [0x074d0000, 0x074d3ca8, 0x07550000)
  to   space 512K,   0% used [0x07450000, 0x07450000, 0x074d0000)
 tenured generation   total 10944K, used 3170K [0x0c550000, 0x0d000000, 0x17000000)
   the space 10944K,  28% used [0x0c550000, 0x0c868810, 0x0c868a00, 0x0d000000)
 Metaspace       used 8209K, capacity 8400K, committed 8576K, reserved 8576K
Event: 2.566 GC heap after
Heap after GC invocations=6 (full 0):
 def new generation   total 4928K, used 512K [0x07000000, 0x07550000, 0x0c550000)
  eden space 4416K,   0% used [0x07000000, 0x07000000, 0x07450000)
  from space 512K, 100% used [0x07450000, 0x074d0000, 0x074d0000)
  to   space 512K,   0% used [0x074d0000, 0x074d0000, 0x07550000)
 tenured generation   total 10944K, used 3840K [0x0c550000, 0x0d000000, 0x17000000)
   the space 10944K,  35% used [0x0c550000, 0x0c9100a0, 0x0c910200, 0x0d000000)
 Metaspace       used 8209K, capacity 8400K, committed 8576K, reserved 8576K
}
Event: 2.583 GC heap before
{Heap before GC invocations=6 (full 0):
 def new generation   total 4928K, used 4928K [0x07000000, 0x07550000, 0x0c550000)
  eden space 4416K, 100% used [0x07000000, 0x07450000, 0x07450000)
  from space 512K, 100% used [0x07450000, 0x074d0000, 0x074d0000)
  to   space 512K,   0% used [0x074d0000, 0x074d0000, 0x07550000)
 tenured generation   total 10944K, used 3840K [0x0c550000, 0x0d000000, 0x17000000)
   the space 10944K,  35% used [0x0c550000, 0x0c9100a0, 0x0c910200, 0x0d000000)
 Metaspace       used 8209K, capacity 8400K, committed 8576K, reserved 8576K
Event: 2.584 GC heap after
Heap after GC invocations=7 (full 0):
 def new generation   total 4928K, used 0K [0x07000000, 0x07550000, 0x0c550000)
  eden space 4416K,   0% used [0x07000000, 0x07000000, 0x07450000)
  from space 512K,   0% used [0x074d0000, 0x074d00e0, 0x07550000)
  to   space 512K,   0% used [0x07450000, 0x07450000, 0x074d0000)
 tenured generation   total 10944K, used 4351K [0x0c550000, 0x0d000000, 0x17000000)
   the space 10944K,  39% used [0x0c550000, 0x0c98ff38, 0x0c990000, 0x0d000000)
 Metaspace       used 8209K, capacity 8400K, committed 8576K, reserved 8576K
}
Event: 2.612 GC heap before
{Heap before GC invocations=7 (full 0):
 def new generation   total 4928K, used 4416K [0x07000000, 0x07550000, 0x0c550000)
  eden space 4416K, 100% used [0x07000000, 0x07450000, 0x07450000)
  from space 512K,   0% used [0x074d0000, 0x074d00e0, 0x07550000)
  to   space 512K,   0% used [0x07450000, 0x07450000, 0x074d0000)
 tenured generation   total 10944K, used 4351K [0x0c550000, 0x0d000000, 0x17000000)
   the space 10944K,  39% used [0x0c550000, 0x0c98ff38, 0x0c990000, 0x0d000000)
 Metaspace       used 8211K, capacity 8400K, committed 8576K, reserved 8576K
Event: 2.613 GC heap after
Heap after GC invocations=8 (full 0):
 def new generation   total 4928K, used 186K [0x07000000, 0x07550000, 0x0c550000)
  eden space 4416K,   0% used [0x07000000, 0x07000000, 0x07450000)
  from space 512K,  36% used [0x07450000, 0x0747ea98, 0x074d0000)
  to   space 512K,   0% used [0x074d0000, 0x074d0000, 0x07550000)
 tenured generation   total 10944K, used 4351K [0x0c550000, 0x0d000000, 0x17000000)
   the space 10944K,  39% used [0x0c550000, 0x0c98ff38, 0x0c990000, 0x0d000000)
 Metaspace       used 8211K, capacity 8400K, committed 8576K, reserved 8576K
}
Event: 2.631 GC heap before
{Heap before GC invocations=8 (full 0):
 def new generation   total 4928K, used 4602K [0x07000000, 0x07550000, 0x0c550000)
  eden space 4416K, 100% used [0x07000000, 0x07450000, 0x07450000)
  from space 512K,  36% used [0x07450000, 0x0747ea98, 0x074d0000)
  to   space 512K,   0% used [0x074d0000, 0x074d0000, 0x07550000)
 tenured generation   total 10944K, used 4351K [0x0c550000, 0x0d000000, 0x17000000)
   the space 10944K,  39% used [0x0c550000, 0x0c98ff38, 0x0c990000, 0x0d000000)
 Metaspace       used 8211K, capacity 8400K, committed 8576K, reserved 8576K
Event: 2.631 GC heap after
Heap after GC invocations=9 (full 0):
 def new generation   total 4928K, used 184K [0x07000000, 0x07550000, 0x0c550000)
  eden space 4416K,   0% used [0x07000000, 0x07000000, 0x07450000)
  from space 512K,  35% used [0x074d0000, 0x074fe008, 0x07550000)
  to   space 512K,   0% used [0x07450000, 0x07450000, 0x074d0000)
 tenured generation   total 10944K, used 4351K [0x0c550000, 0x0d000000, 0x17000000)
   the space 10944K,  39% used [0x0c550000, 0x0c98ff38, 0x0c990000, 0x0d000000)
 Metaspace       used 8211K, capacity 8400K, committed 8576K, reserved 8576K
}
Event: 2.712 GC heap before
{Heap before GC invocations=9 (full 0):
 def new generation   total 4928K, used 4600K [0x07000000, 0x07550000, 0x0c550000)
  eden space 4416K, 100% used [0x07000000, 0x07450000, 0x07450000)
  from space 512K,  35% used [0x074d0000, 0x074fe008, 0x07550000)
  to   space 512K,   0% used [0x07450000, 0x07450000, 0x074d0000)
 tenured generation   total 10944K, used 4351K [0x0c550000, 0x0d000000, 0x17000000)
   the space 10944K,  39% used [0x0c550000, 0x0c98ff38, 0x0c990000, 0x0d000000)
 Metaspace       used 8895K, capacity 9077K, committed 9216K, reserved 9600K
Event: 2.714 GC heap after
Heap after GC invocations=10 (full 0):
 def new generation   total 4928K, used 316K [0x07000000, 0x07550000, 0x0c550000)
  eden space 4416K,   0% used [0x07000000, 0x07000000, 0x07450000)
  from space 512K,  61% used [0x07450000, 0x0749f048, 0x074d0000)
  to   space 512K,   0% used [0x074d0000, 0x074d0000, 0x07550000)
 tenured generation   total 10944K, used 4351K [0x0c550000, 0x0d000000, 0x17000000)
   the space 10944K,  39% used [0x0c550000, 0x0c98ff38, 0x0c990000, 0x0d000000)
 Metaspace       used 8895K, capacity 9077K, committed 9216K, reserved 9600K
}

Deoptimization events (0 events):
No events

Classes redefined (0 events):
No events

Internal exceptions (10 events):
Event: 0.135 Thread 0x010ed800 Exception <a 'java/security/PrivilegedActionException'> (0x070f67b8) thrown at [C:\re\workspace\8-2-build-windows-i586-cygwin\jdk8u171\10807\hotspot\src\share\vm\prims\jvm.cpp, line 1435]
Event: 0.135 Thread 0x010ed800 Exception <a 'java/security/PrivilegedActionException'> (0x070fa5f0) thrown at [C:\re\workspace\8-2-build-windows-i586-cygwin\jdk8u171\10807\hotspot\src\share\vm\prims\jvm.cpp, line 1435]
Event: 0.135 Thread 0x010ed800 Exception <a 'java/security/PrivilegedActionException'> (0x070fa7f0) thrown at [C:\re\workspace\8-2-build-windows-i586-cygwin\jdk8u171\10807\hotspot\src\share\vm\prims\jvm.cpp, line 1435]
Event: 0.141 Thread 0x010ed800 Exception <a 'java/io/FileNotFoundException'> (0x070fc5b8) thrown at [C:\re\workspace\8-2-build-windows-i586-cygwin\jdk8u171\10807\hotspot\src\share\vm\prims\jni.cpp, line 709]
Event: 0.175 Thread 0x010ed800 Exception <a 'java/lang/NoSuchFieldError': method resolution failed> (0x071ba590) thrown at [C:\re\workspace\8-2-build-windows-i586-cygwin\jdk8u171\10807\hotspot\src\share\vm\prims\methodHandles.cpp, line 1167]
Event: 0.176 Thread 0x010ed800 Exception <a 'java/lang/NoSuchFieldError': method resolution failed> (0x071c6730) thrown at [C:\re\workspace\8-2-build-windows-i586-cygwin\jdk8u171\10807\hotspot\src\share\vm\prims\methodHandles.cpp, line 1167]
Event: 0.220 Thread 0x010ed800 Exception <a 'java/io/FileNotFoundException'> (0x07253e30) thrown at [C:\re\workspace\8-2-build-windows-i586-cygwin\jdk8u171\10807\hotspot\src\share\vm\prims\jni.cpp, line 709]
Event: 2.704 Thread 0x010ed800 Exception <a 'java/lang/reflect/InvocationTargetException'> (0x07430730) thrown at [C:\re\workspace\8-2-build-windows-i586-cygwin\jdk8u171\10807\hotspot\src\share\vm\runtime\reflection.cpp, line 1092]
Event: 2.800 Thread 0x19ac0800 Exception <a 'java/io/FileNotFoundException'> (0x07185960) thrown at [C:\re\workspace\8-2-build-windows-i586-cygwin\jdk8u171\10807\hotspot\src\share\vm\prims\jni.cpp, line 709]
Event: 2.801 Thread 0x19ac0800 Exception <a 'java/io/FileNotFoundException'> (0x07186a20) thrown at [C:\re\workspace\8-2-build-windows-i586-cygwin\jdk8u171\10807\hotspot\src\share\vm\prims\jni.cpp, line 709]

Events (10 events):
Event: 2.800 loading class java/util/regex/Pattern$CharPropertyNames$21
Event: 2.800 loading class java/util/regex/Pattern$CharPropertyNames$21 done
Event: 2.800 loading class java/util/regex/Pattern$CharPropertyNames$22
Event: 2.800 loading class java/util/regex/Pattern$CharPropertyNames$22 done
Event: 2.800 loading class java/util/regex/Pattern$CharPropertyNames$23
Event: 2.800 loading class java/util/regex/Pattern$CharPropertyNames$23 done
Event: 2.800 loading class java/util/regex/Pattern$All
Event: 2.800 loading class java/util/regex/Pattern$All done
Event: 2.800 loading class java/util/regex/Pattern$6
Event: 2.800 loading class java/util/regex/Pattern$6 done


Dynamic libraries:
0x01300000 - 0x01333000 	C:\Program Files (x86)\Java\jre1.8.0_171\bin\javaw.exe
0x64680000 - 0x64686000 	C:\Program Files\CyNTFMIHYBLXA.dll
0x64a50000 - 0x64a58000 	C:\Program Files\CyKNPHDOJQHQZ.dll
0x572b0000 - 0x572ce000 	C:\Program Files\CyMemDef.DLL
0x76f40000 - 0x770cc000 	C:\WINDOWS\SYSTEM32\ntdll.dll
0x75f80000 - 0x76050000 	C:\WINDOWS\System32\KERNEL32.DLL
0x75da0000 - 0x75f78000 	C:\WINDOWS\System32\KERNELBASE.dll
0x761f0000 - 0x76268000 	C:\WINDOWS\System32\ADVAPI32.dll
0x740a0000 - 0x7415d000 	C:\WINDOWS\System32\msvcrt.dll
0x76050000 - 0x76093000 	C:\WINDOWS\System32\sechost.dll
0x75a20000 - 0x75ade000 	C:\WINDOWS\System32\RPCRT4.dll
0x73940000 - 0x73960000 	C:\WINDOWS\System32\SspiCli.dll
0x73930000 - 0x7393a000 	C:\WINDOWS\System32\CRYPTBASE.dll
0x75970000 - 0x759c7000 	C:\WINDOWS\System32\bcryptPrimitives.dll
0x75ae0000 - 0x75c55000 	C:\WINDOWS\System32\USER32.dll
0x73f60000 - 0x73f76000 	C:\WINDOWS\System32\win32u.dll
0x75c60000 - 0x75c82000 	C:\WINDOWS\System32\GDI32.dll
0x76410000 - 0x7656f000 	C:\WINDOWS\System32\gdi32full.dll
0x76380000 - 0x763fc000 	C:\WINDOWS\System32\msvcp_win.dll
0x73f80000 - 0x74096000 	C:\WINDOWS\System32\ucrtbase.dll
0x6a760000 - 0x6a971000 	C:\WINDOWS\WinSxS\x86_microsoft.windows.common-controls_6595b64144ccf1df_6.0.16299.1087_none_573dab8d6ee1b2bd\COMCTL32.dll
0x76cf0000 - 0x76f35000 	C:\WINDOWS\System32\combase.dll
0x73f30000 - 0x73f55000 	C:\WINDOWS\System32\IMM32.DLL
0x73820000 - 0x7385b000 	C:\PROGRA~2\Sophos\SOPHOS~1\SOPHOS~1.DLL
0x761e0000 - 0x761e6000 	C:\WINDOWS\System32\PSAPI.DLL
0x78300000 - 0x783bf000 	C:\Program Files (x86)\Java\jre1.8.0_171\bin\msvcr100.dll
0x6c1f0000 - 0x6c5c1000 	C:\Program Files (x86)\Java\jre1.8.0_171\bin\client\jvm.dll
0x6fb00000 - 0x6fb08000 	C:\WINDOWS\SYSTEM32\WSOCK32.dll
0x762d0000 - 0x76336000 	C:\WINDOWS\System32\WS2_32.dll
0x71650000 - 0x71674000 	C:\WINDOWS\SYSTEM32\WINMM.dll
0x728f0000 - 0x728f8000 	C:\WINDOWS\SYSTEM32\VERSION.dll
0x71620000 - 0x71643000 	C:\WINDOWS\SYSTEM32\WINMMBASE.dll
0x76340000 - 0x76378000 	C:\WINDOWS\System32\cfgmgr32.dll
0x571e0000 - 0x571ec000 	C:\Program Files (x86)\Java\jre1.8.0_171\bin\verify.dll
0x6d5f0000 - 0x6d612000 	C:\Program Files (x86)\Java\jre1.8.0_171\bin\java.dll
0x6fdd0000 - 0x6fde4000 	C:\Program Files (x86)\Java\jre1.8.0_171\bin\zip.dll
0x74160000 - 0x75494000 	C:\WINDOWS\System32\SHELL32.dll
0x76a50000 - 0x76ad8000 	C:\WINDOWS\System32\shcore.dll
0x73960000 - 0x73f24000 	C:\WINDOWS\System32\windows.storage.dll
0x76a00000 - 0x76a45000 	C:\WINDOWS\System32\shlwapi.dll
0x76b70000 - 0x76b7e000 	C:\WINDOWS\System32\kernel.appcore.dll
0x75920000 - 0x75965000 	C:\WINDOWS\System32\powrprof.dll
0x75c90000 - 0x75ca4000 	C:\WINDOWS\System32\profapi.dll
0x6cba0000 - 0x6cce5000 	C:\Program Files (x86)\Java\jre1.8.0_171\bin\awt.dll
0x76140000 - 0x761d3000 	C:\WINDOWS\System32\OLEAUT32.dll
0x6a2f0000 - 0x6a38a000 	C:\WINDOWS\SYSTEM32\apphelp.dll
0x6da90000 - 0x6dab3000 	C:\WINDOWS\system32\DWMAPI.DLL
0x6dac0000 - 0x6db39000 	C:\WINDOWS\system32\uxtheme.dll
0x68450000 - 0x6852f000 	C:\WINDOWS\system32\opengl32.dll
0x50de0000 - 0x50e05000 	C:\WINDOWS\SYSTEM32\GLU32.dll
0x754a0000 - 0x755e4000 	C:\WINDOWS\System32\MSCTF.dll
0x755f0000 - 0x756e7000 	C:\WINDOWS\System32\ole32.dll
0x725c0000 - 0x725d3000 	C:\WINDOWS\SYSTEM32\CRYPTSP.dll
0x72590000 - 0x725bf000 	C:\WINDOWS\system32\rsaenh.dll
0x72130000 - 0x72149000 	C:\WINDOWS\SYSTEM32\bcrypt.dll
0x73900000 - 0x73922000 	C:\WINDOWS\SYSTEM32\USERENV.dll
0x70930000 - 0x70945000 	C:\Program Files (x86)\Java\jre1.8.0_171\bin\net.dll
0x71df0000 - 0x71e45000 	C:\WINDOWS\system32\mswsock.dll
0x71cc0000 - 0x71cf0000 	C:\WINDOWS\SYSTEM32\IPHLPAPI.DLL
0x760a0000 - 0x760a7000 	C:\WINDOWS\System32\NSI.dll
0x71d80000 - 0x71d93000 	C:\WINDOWS\SYSTEM32\dhcpcsvc6.DLL
0x71600000 - 0x71614000 	C:\WINDOWS\SYSTEM32\dhcpcsvc.DLL
0x571a0000 - 0x571af000 	C:\Program Files (x86)\Java\jre1.8.0_171\bin\nio.dll
0x637c0000 - 0x637cb000 	C:\Users\Iking\AppData\Local\Temp\jogamp_0000\file_cache\jln6612267046554306940\jln1384856800043038143\natives\windows-i586\gluegen-rt.dll
0x6d9e0000 - 0x6d9e6000 	C:\Program Files (x86)\Java\jre1.8.0_171\bin\jawt.dll
0x6a440000 - 0x6a44b000 	C:\Users\Iking\AppData\Local\Temp\jogamp_0000\file_cache\jln6612267046554306940\jln1384856800043038143\natives\windows-i586\nativewindow_awt.dll
0x6c100000 - 0x6c10d000 	C:\Users\Iking\AppData\Local\Temp\jogamp_0000\file_cache\jln6612267046554306940\jln1384856800043038143\natives\windows-i586\nativewindow_win32.dll
0x64500000 - 0x645a1000 	C:\Users\Iking\AppData\Local\Temp\jogamp_0000\file_cache\jln6612267046554306940\jln1384856800043038143\natives\windows-i586\jogl_desktop.dll
0x64340000 - 0x6439a000 	C:\Users\Iking\AppData\Local\Temp\jogamp_0000\file_cache\jln6612267046554306940\jln1384856800043038143\natives\windows-i586\jogl_mobile.dll
0x1aef0000 - 0x1ba53000 	C:\WINDOWS\System32\DriverStore\FileRepository\ki125177.inf_amd64_d9d520fc51d8a7f4\ig9icd32.dll
0x73810000 - 0x7381f000 	C:\WINDOWS\SYSTEM32\WTSAPI32.dll
0x6a650000 - 0x6a6e3000 	C:\WINDOWS\SYSTEM32\dxgi.dll
0x61350000 - 0x625f8000 	C:\WINDOWS\System32\DriverStore\FileRepository\ki125177.inf_amd64_d9d520fc51d8a7f4\igc32.dll
0x6ce20000 - 0x6ce59000 	C:\Program Files (x86)\Java\jre1.8.0_171\bin\fontmanager.dll
0x685a0000 - 0x68617000 	C:\WINDOWS\System32\TextInputFramework.dll
0x68780000 - 0x689b4000 	C:\WINDOWS\System32\CoreUIComponents.dll
0x68620000 - 0x686ac000 	C:\WINDOWS\System32\CoreMessaging.dll
0x73790000 - 0x737b8000 	C:\WINDOWS\SYSTEM32\ntmarta.dll
0x686b0000 - 0x6877b000 	C:\WINDOWS\SYSTEM32\wintypes.dll
0x71e80000 - 0x72001000 	C:\WINDOWS\SYSTEM32\dbghelp.dll

VM Arguments:
jvm_args: -Djava.library.path=C:\Users\Iking\Desktop\Code\Java-libs\jogamp-all-platforms\lib\windows-amd64;C:\Users\Iking\Desktop\Code\Java-libs\jogamp-all-platforms\lib\windows-amd64 -Dfile.encoding=Cp1252 
java_command: TextbookCh2Pr5
java_class_path (initial): C:\Program Files (x86)\Java\jre1.8.0_171\lib\resources.jar;C:\Program Files (x86)\Java\jre1.8.0_171\lib\rt.jar;C:\Program Files (x86)\Java\jre1.8.0_171\lib\jsse.jar;C:\Program Files (x86)\Java\jre1.8.0_171\lib\jce.jar;C:\Program Files (x86)\Java\jre1.8.0_171\lib\charsets.jar;C:\Program Files (x86)\Java\jre1.8.0_171\lib\jfr.jar;C:\Program Files (x86)\Java\jre1.8.0_171\lib\ext\access-bridge-32.jar;C:\Program Files (x86)\Java\jre1.8.0_171\lib\ext\cldrdata.jar;C:\Program Files (x86)\Java\jre1.8.0_171\lib\ext\dnsns.jar;C:\Program Files (x86)\Java\jre1.8.0_171\lib\ext\jaccess.jar;C:\Program Files (x86)\Java\jre1.8.0_171\lib\ext\jfxrt.jar;C:\Program Files (x86)\Java\jre1.8.0_171\lib\ext\localedata.jar;C:\Program Files (x86)\Java\jre1.8.0_171\lib\ext\nashorn.jar;C:\Program Files (x86)\Java\jre1.8.0_171\lib\ext\sunec.jar;C:\Program Files (x86)\Java\jre1.8.0_171\lib\ext\sunjce_provider.jar;C:\Program Files (x86)\Java\jre1.8.0_171\lib\ext\sunmscapi.jar;C:\Program Files (x86)\Java\jre1.8.0_171\lib\ext\sunpkcs11.jar;C:\Program Files (x86)\Java\jre1.8.0_171\lib\ext\zipfs.jar;C:\Users\Iking\Personal\School\451\JOGL_test\bin;C:\Users\Iking\Desktop\Code\Java-libs\jogamp-all-platforms\jar\gluegen-rt.jar;C:\Users\Iking\Desktop\Code\Java-libs\jogamp-all-platforms\jar\jogl-all.jar
Launcher Type: SUN_STANDARD

Environment Variables:
JAVA_HOME=C:\Program Files (x86)\Java\jre1.8.0_131
JRE_HOME=C:\Program Files (x86)\Java\jre1.8.0_131
USERNAME=Iking
OS=Windows_NT
PROCESSOR_IDENTIFIER=Intel64 Family 6 Model 78 Stepping 3, GenuineIntel



---------------  S Y S T E M  ---------------

OS: Windows 10.0 , 64 bit Build 16299 (10.0.16299.1087)

CPU:total 4 (initial active 4) (2 cores per cpu, 2 threads per core) family 6 model 78 stepping 3, cmov, cx8, fxsr, mmx, sse, sse2, sse3, ssse3, sse4.1, sse4.2, popcnt, avx, avx2, aes, clmul, erms, 3dnowpref, lzcnt, ht, tsc, tscinvbit, bmi1, bmi2, adx

Memory: 4k page, physical 12242384k(5616976k free), swap 24825296k(12090184k free)

vm_info: Java HotSpot(TM) Client VM (25.171-b11) for windows-x86 JRE (1.8.0_171-b11), built on Mar 28 2018 14:51:22 by "java_re" with MS VC++ 10.0 (VS2010)

time: Tue Aug 27 16:26:19 2019
elapsed time: 2 seconds (0d 0h 0m 2s)

